<?xml version="1.0" encoding="UTF-8"?>
<testsuite name="be.heh.domain.VetTests" tests="1" skipped="0" failures="0" errors="0" timestamp="2018-10-17T09:00:28" hostname="MacBook-Pro-de-Gianni.local" time="0.001">
  <properties/>
  <testcase name="test_object_vet()" classname="be.heh.domain.VetTests" time="0.001"/>
  <system-out><![CDATA[]]></system-out>
  <system-err><![CDATA[]]></system-err>
</testsuite>
